#
# There is insufficient memory for the Java Runtime Environment to continue.
# Native memory allocation (mmap) failed to map 39845888 bytes for Failed to commit area from 0x000000008bc00000 to 0x000000008e200000 of length 39845888.
# Possible reasons:
#   The system is out of physical RAM or swap space
#   The process is running with CompressedOops enabled, and the Java Heap may be blocking the growth of the native heap
# Possible solutions:
#   Reduce memory load on the system
#   Increase physical memory or swap space
#   Check if swap backing store is full
#   Decrease Java heap size (-Xmx/-Xms)
#   Decrease number of Java threads
#   Decrease Java thread stack sizes (-Xss)
#   Set larger code cache with -XX:ReservedCodeCacheSize=
#   JVM is running with Unscaled Compressed Oops mode in which the Java heap is
#     placed in the first 4GB address space. The Java Heap base address is the
#     maximum limit for the native heap growth. Please use -XX:HeapBaseMinAddress
#     to set the Java Heap base and to place the Java Heap above 4GB virtual address.
# This output file may be truncated or incomplete.
#
#  Out of Memory Error (./src/hotspot/os/windows/os_windows.cpp:3301), pid=14612, tid=19888
#
# JRE version: OpenJDK Runtime Environment (11.0.11+9) (build 11.0.11+9-b60-7590822)
# Java VM: OpenJDK 64-Bit Server VM (11.0.11+9-b60-7590822, mixed mode, tiered, compressed oops, g1 gc, windows-amd64)
# No core dump will be written. Minidumps are not enabled by default on client versions of Windows
#

---------------  S U M M A R Y ------------

Command Line: --add-opens=java.base/java.util=ALL-UNNAMED --add-opens=java.base/java.lang=ALL-UNNAMED --add-opens=java.base/java.lang.invoke=ALL-UNNAMED --add-opens=java.base/java.util=ALL-UNNAMED --add-opens=java.prefs/java.util.prefs=ALL-UNNAMED --add-opens=java.prefs/java.util.prefs=ALL-UNNAMED --add-opens=java.base/java.nio.charset=ALL-UNNAMED --add-opens=java.base/java.net=ALL-UNNAMED --add-opens=java.base/java.util.concurrent.atomic=ALL-UNNAMED -Xmx2048m -Dfile.encoding=UTF-8 -Duser.country=MX -Duser.language=es -Duser.variant org.gradle.launcher.daemon.bootstrap.GradleDaemon 7.2

Host: Intel(R) Core(TM) i7-5600U CPU @ 2.60GHz, 4 cores, 11G,  Windows 10 , 64 bit Build 19041 (10.0.19041.1706)
Time: Sun May 29 07:00:45 2022 Hora de verano central (México) elapsed time: 25.306896 seconds (0d 0h 0m 25s)

---------------  T H R E A D  ---------------

Current thread (0x000001d47fba9800):  VMThread "VM Thread" [stack: 0x000000d3ad600000,0x000000d3ad700000] [id=19888]

Stack: [0x000000d3ad600000,0x000000d3ad700000]
[error occurred during error reporting (printing stack bounds), id 0xc0000005, EXCEPTION_ACCESS_VIOLATION (0xc0000005) at pc=0x000001d403a20f2d]

Native frames: (J=compiled Java code, j=interpreted, Vv=VM code, C=native code)
V  [jvm.dll+0x5f214a]
V  [jvm.dll+0x726fb5]
V  [jvm.dll+0x7285cd]
V  [jvm.dll+0x728be5]
V  [jvm.dll+0x728b9b]
V  [jvm.dll+0x5f14e8]
V  [jvm.dll+0x5f1c78]
C  [ntdll.dll+0xa209f]
C  [ntdll.dll+0x51454]
C  [ntdll.dll+0xa0bce]
C  0x000001d403a20f2d

VM_Operation (0x000000d3aeaf5f60): G1CollectForAllocation, mode: safepoint, requested by thread 0x000001d41a819800


---------------  P R O C E S S  ---------------

Threads class SMR info:
_java_thread_list=0x000001d419c3e100, length=78, elements={
0x000001d47ca52000, 0x000001d47fbae000, 0x000001d47fbb7800, 0x000001d47fc02800,
0x000001d47fc04000, 0x000001d47fc06000, 0x000001d47fc0e000, 0x000001d47fb8f000,
0x000001d47fb98800, 0x000001d47fd69000, 0x000001d41a0ea000, 0x000001d41a031000,
0x000001d419ae8000, 0x000001d41a0a6000, 0x000001d41a0a7000, 0x000001d41b621000,
0x000001d41a819800, 0x000001d41a81a000, 0x000001d41b4f2800, 0x000001d41b9c8000,
0x000001d41b9c9000, 0x000001d41b9c7800, 0x000001d41b9cb800, 0x000001d41b9c9800,
0x000001d41b9cd000, 0x000001d41b9ca800, 0x000001d41b9cc000, 0x000001d41b9ce000,
0x000001d41a738000, 0x000001d41a732000, 0x000001d41a733800, 0x000001d41a73a000,
0x000001d41a737000, 0x000001d41a739800, 0x000001d41a734800, 0x000001d41a73b000,
0x000001d41a735800, 0x000001d41a736000, 0x000001d41a73e800, 0x000001d41a73d800,
0x000001d41a740000, 0x000001d41a73f000, 0x000001d41a741000, 0x000001d41a73c000,
0x000001d41a73c800, 0x000001d41c91e800, 0x000001d41c91a000, 0x000001d41c91c000,
0x000001d41c920800, 0x000001d41c91b000, 0x000001d41c921800, 0x000001d41c920000,
0x000001d41c922800, 0x000001d41c91c800, 0x000001d41c923000, 0x000001d41c91d800,
0x000001d41c924000, 0x000001d41c925000, 0x000001d41c91f000, 0x000001d41c929000,
0x000001d41c925800, 0x000001d41c928000, 0x000001d41c926800, 0x000001d41c927000,
0x000001d41c7b1800, 0x000001d41c7af000, 0x000001d41c7b2800, 0x000001d41c7b1000,
0x000001d41c7b0000, 0x000001d41c7b3800, 0x000001d41c7b4000, 0x000001d41c7ae800,
0x000001d41c7b8000, 0x000001d41c7ba800, 0x000001d41c7b5000, 0x000001d41c7bb800,
0x000001d41c7b9000, 0x000001d41c7ba000
}

Java Threads: ( => current thread )
  0x000001d47ca52000 JavaThread "main" [_thread_blocked, id=20392, stack(0x000000d3ad000000,0x000000d3ad100000)]
  0x000001d47fbae000 JavaThread "Reference Handler" daemon [_thread_blocked, id=3220, stack(0x000000d3ad700000,0x000000d3ad800000)]
  0x000001d47fbb7800 JavaThread "Finalizer" daemon [_thread_blocked, id=1204, stack(0x000000d3ad800000,0x000000d3ad900000)]
  0x000001d47fc02800 JavaThread "Signal Dispatcher" daemon [_thread_blocked, id=1308, stack(0x000000d3ad900000,0x000000d3ada00000)]
  0x000001d47fc04000 JavaThread "Attach Listener" daemon [_thread_blocked, id=10164, stack(0x000000d3ada00000,0x000000d3adb00000)]
  0x000001d47fc06000 JavaThread "Service Thread" daemon [_thread_blocked, id=21224, stack(0x000000d3adb00000,0x000000d3adc00000)]
  0x000001d47fc0e000 JavaThread "C2 CompilerThread0" daemon [_thread_blocked, id=17676, stack(0x000000d3adc00000,0x000000d3add00000)]
  0x000001d47fb8f000 JavaThread "C1 CompilerThread0" daemon [_thread_blocked, id=18576, stack(0x000000d3add00000,0x000000d3ade00000)]
  0x000001d47fb98800 JavaThread "Sweeper thread" daemon [_thread_blocked, id=19264, stack(0x000000d3ade00000,0x000000d3adf00000)]
  0x000001d47fd69000 JavaThread "Common-Cleaner" daemon [_thread_blocked, id=15072, stack(0x000000d3adf00000,0x000000d3ae000000)]
  0x000001d41a0ea000 JavaThread "Daemon health stats" [_thread_blocked, id=7692, stack(0x000000d3ae500000,0x000000d3ae600000)]
  0x000001d41a031000 JavaThread "Incoming local TCP Connector on port 53381" [_thread_in_native, id=20208, stack(0x000000d3ae100000,0x000000d3ae200000)]
  0x000001d419ae8000 JavaThread "Daemon periodic checks" [_thread_blocked, id=18772, stack(0x000000d3ae600000,0x000000d3ae700000)]
  0x000001d41a0a6000 JavaThread "Daemon" [_thread_blocked, id=17584, stack(0x000000d3ae700000,0x000000d3ae800000)]
  0x000001d41a0a7000 JavaThread "Handler for socket connection from /127.0.0.1:53381 to /127.0.0.1:53382" [_thread_in_native, id=20616, stack(0x000000d3ae800000,0x000000d3ae900000)]
  0x000001d41b621000 JavaThread "Cancel handler" [_thread_blocked, id=248, stack(0x000000d3ae900000,0x000000d3aea00000)]
  0x000001d41a819800 JavaThread "Daemon worker" [_thread_blocked, id=10648, stack(0x000000d3aea00000,0x000000d3aeb00000)]
  0x000001d41a81a000 JavaThread "Asynchronous log dispatcher for DefaultDaemonConnection: socket connection from /127.0.0.1:53381 to /127.0.0.1:53382" [_thread_blocked, id=3832, stack(0x000000d3aeb00000,0x000000d3aec00000)]
  0x000001d41b4f2800 JavaThread "Stdin handler" [_thread_blocked, id=740, stack(0x000000d3aec00000,0x000000d3aed00000)]
  0x000001d41b9c8000 JavaThread "Daemon client event forwarder" [_thread_blocked, id=16452, stack(0x000000d3aee00000,0x000000d3aef00000)]
  0x000001d41b9c9000 JavaThread "Cache worker for journal cache (C:\Users\Zabdy\.gradle\caches\journal-1)" [_thread_blocked, id=11456, stack(0x000000d3aef00000,0x000000d3af000000)]
  0x000001d41b9c7800 JavaThread "File lock request listener" [_thread_in_native, id=18164, stack(0x000000d3af000000,0x000000d3af100000)]
  0x000001d41b9cb800 JavaThread "Cache worker for file hash cache (C:\Users\Zabdy\.gradle\caches\7.2\fileHashes)" [_thread_blocked, id=3408, stack(0x000000d3af100000,0x000000d3af200000)]
  0x000001d41b9c9800 JavaThread "Cache worker for file hash cache (C:\Users\Zabdy\Documents\8vo\LawITA\.gradle\7.2\fileHashes)" [_thread_blocked, id=10912, stack(0x000000d3aed00000,0x000000d3aee00000)]
  0x000001d41b9cd000 JavaThread "File watcher server" daemon [_thread_in_native, id=2368, stack(0x000000d3af200000,0x000000d3af300000)]
  0x000001d41b9ca800 JavaThread "File watcher consumer" daemon [_thread_blocked, id=4056, stack(0x000000d3af300000,0x000000d3af400000)]
  0x000001d41b9cc000 JavaThread "Cache worker for checksums cache (C:\Users\Zabdy\Documents\8vo\LawITA\.gradle\checksums)" [_thread_blocked, id=18360, stack(0x000000d3af400000,0x000000d3af500000)]
  0x000001d41b9ce000 JavaThread "Cache worker for cache directory md-supplier (C:\Users\Zabdy\.gradle\caches\7.2\md-supplier)" [_thread_blocked, id=9108, stack(0x000000d3af500000,0x000000d3af600000)]
  0x000001d41a738000 JavaThread "Cache worker for cache directory md-rule (C:\Users\Zabdy\.gradle\caches\7.2\md-rule)" [_thread_blocked, id=15008, stack(0x000000d3af700000,0x000000d3af800000)]
  0x000001d41a732000 JavaThread "Cache worker for execution history cache (C:\Users\Zabdy\.gradle\caches\7.2\executionHistory)" [_thread_blocked, id=6268, stack(0x000000d3af800000,0x000000d3af900000)]
  0x000001d41a733800 JavaThread "jar transforms" [_thread_blocked, id=18640, stack(0x000000d3af900000,0x000000d3afa00000)]
  0x000001d41a73a000 JavaThread "Cache worker for file content cache (C:\Users\Zabdy\.gradle\caches\7.2\fileContent)" [_thread_blocked, id=17620, stack(0x000000d3afa00000,0x000000d3afb00000)]
  0x000001d41a737000 JavaThread "jar transforms Thread 2" [_thread_blocked, id=4848, stack(0x000000d3afb00000,0x000000d3afc00000)]
  0x000001d41a739800 JavaThread "Cache worker for dependencies-accessors (C:\Users\Zabdy\Documents\8vo\LawITA\.gradle\7.2\dependencies-accessors)" [_thread_blocked, id=15364, stack(0x000000d3afc00000,0x000000d3afd00000)]
  0x000001d41a734800 JavaThread "jar transforms Thread 3" [_thread_blocked, id=3424, stack(0x000000d3afd00000,0x000000d3afe00000)]
  0x000001d41a73b000 JavaThread "Cache worker for Build Output Cleanup Cache (C:\Users\Zabdy\Documents\8vo\LawITA\.gradle\buildOutputCleanup)" [_thread_blocked, id=21028, stack(0x000000d3af600000,0x000000d3af700000)]
  0x000001d41a735800 JavaThread "Unconstrained build operations" [_thread_blocked, id=9792, stack(0x000000d3afe00000,0x000000d3aff00000)]
  0x000001d41a736000 JavaThread "Unconstrained build operations Thread 2" [_thread_blocked, id=18976, stack(0x000000d3aff00000,0x000000d3b0000000)]
  0x000001d41a73e800 JavaThread "Unconstrained build operations Thread 3" [_thread_blocked, id=14660, stack(0x000000d3b0000000,0x000000d3b0100000)]
  0x000001d41a73d800 JavaThread "Unconstrained build operations Thread 4" [_thread_blocked, id=13992, stack(0x000000d3b0100000,0x000000d3b0200000)]
  0x000001d41a740000 JavaThread "Unconstrained build operations Thread 5" [_thread_blocked, id=14368, stack(0x000000d3b0200000,0x000000d3b0300000)]
  0x000001d41a73f000 JavaThread "Unconstrained build operations Thread 6" [_thread_blocked, id=15348, stack(0x000000d3b0300000,0x000000d3b0400000)]
  0x000001d41a741000 JavaThread "Unconstrained build operations Thread 7" [_thread_blocked, id=19840, stack(0x000000d3b0400000,0x000000d3b0500000)]
  0x000001d41a73c000 JavaThread "Unconstrained build operations Thread 8" [_thread_blocked, id=13212, stack(0x000000d3b0500000,0x000000d3b0600000)]
  0x000001d41a73c800 JavaThread "Unconstrained build operations Thread 9" [_thread_blocked, id=2512, stack(0x000000d3b0600000,0x000000d3b0700000)]
  0x000001d41c91e800 JavaThread "Unconstrained build operations Thread 10" [_thread_blocked, id=15168, stack(0x000000d3b0700000,0x000000d3b0800000)]
  0x000001d41c91a000 JavaThread "Unconstrained build operations Thread 11" [_thread_blocked, id=17712, stack(0x000000d3b0800000,0x000000d3b0900000)]
  0x000001d41c91c000 JavaThread "Unconstrained build operations Thread 12" [_thread_blocked, id=11080, stack(0x000000d3b0900000,0x000000d3b0a00000)]
  0x000001d41c920800 JavaThread "Unconstrained build operations Thread 13" [_thread_blocked, id=15172, stack(0x000000d3b0a00000,0x000000d3b0b00000)]
  0x000001d41c91b000 JavaThread "Unconstrained build operations Thread 14" [_thread_blocked, id=6660, stack(0x000000d3b0b00000,0x000000d3b0c00000)]
  0x000001d41c921800 JavaThread "Unconstrained build operations Thread 15" [_thread_blocked, id=5936, stack(0x000000d3b0c00000,0x000000d3b0d00000)]
  0x000001d41c920000 JavaThread "Unconstrained build operations Thread 16" [_thread_blocked, id=15376, stack(0x000000d3b0d00000,0x000000d3b0e00000)]
  0x000001d41c922800 JavaThread "Unconstrained build operations Thread 17" [_thread_blocked, id=19296, stack(0x000000d3b0e00000,0x000000d3b0f00000)]
  0x000001d41c91c800 JavaThread "Unconstrained build operations Thread 18" [_thread_blocked, id=9828, stack(0x000000d3b0f00000,0x000000d3b1000000)]
  0x000001d41c923000 JavaThread "Unconstrained build operations Thread 19" [_thread_blocked, id=32, stack(0x000000d3b1000000,0x000000d3b1100000)]
  0x000001d41c91d800 JavaThread "Unconstrained build operations Thread 20" [_thread_blocked, id=7712, stack(0x000000d3b1100000,0x000000d3b1200000)]
  0x000001d41c924000 JavaThread "Unconstrained build operations Thread 21" [_thread_blocked, id=7836, stack(0x000000d3b1200000,0x000000d3b1300000)]
  0x000001d41c925000 JavaThread "Unconstrained build operations Thread 22" [_thread_blocked, id=19272, stack(0x000000d3b1300000,0x000000d3b1400000)]
  0x000001d41c91f000 JavaThread "Unconstrained build operations Thread 23" [_thread_blocked, id=11292, stack(0x000000d3b1400000,0x000000d3b1500000)]
  0x000001d41c929000 JavaThread "Unconstrained build operations Thread 24" [_thread_blocked, id=13324, stack(0x000000d3b1500000,0x000000d3b1600000)]
  0x000001d41c925800 JavaThread "Unconstrained build operations Thread 25" [_thread_blocked, id=2336, stack(0x000000d3b1600000,0x000000d3b1700000)]
  0x000001d41c928000 JavaThread "Unconstrained build operations Thread 26" [_thread_blocked, id=7416, stack(0x000000d3b1700000,0x000000d3b1800000)]
  0x000001d41c926800 JavaThread "Unconstrained build operations Thread 27" [_thread_blocked, id=15996, stack(0x000000d3b1800000,0x000000d3b1900000)]
  0x000001d41c927000 JavaThread "Unconstrained build operations Thread 28" [_thread_blocked, id=20552, stack(0x000000d3b1900000,0x000000d3b1a00000)]
  0x000001d41c7b1800 JavaThread "Unconstrained build operations Thread 29" [_thread_blocked, id=9836, stack(0x000000d3b1a00000,0x000000d3b1b00000)]
  0x000001d41c7af000 JavaThread "Unconstrained build operations Thread 30" [_thread_blocked, id=20928, stack(0x000000d3b1b00000,0x000000d3b1c00000)]
  0x000001d41c7b2800 JavaThread "Unconstrained build operations Thread 31" [_thread_blocked, id=12636, stack(0x000000d3b1c00000,0x000000d3b1d00000)]
  0x000001d41c7b1000 JavaThread "Unconstrained build operations Thread 32" [_thread_blocked, id=15484, stack(0x000000d3b1d00000,0x000000d3b1e00000)]
  0x000001d41c7b0000 JavaThread "Unconstrained build operations Thread 33" [_thread_blocked, id=16532, stack(0x000000d3b1e00000,0x000000d3b1f00000)]
  0x000001d41c7b3800 JavaThread "Unconstrained build operations Thread 34" [_thread_blocked, id=7116, stack(0x000000d3b1f00000,0x000000d3b2000000)]
  0x000001d41c7b4000 JavaThread "Unconstrained build operations Thread 35" [_thread_blocked, id=9988, stack(0x000000d3b2000000,0x000000d3b2100000)]
  0x000001d41c7ae800 JavaThread "Unconstrained build operations Thread 36" [_thread_blocked, id=1604, stack(0x000000d3b2100000,0x000000d3b2200000)]
  0x000001d41c7b8000 JavaThread "Unconstrained build operations Thread 37" [_thread_blocked, id=17932, stack(0x000000d3b2200000,0x000000d3b2300000)]
  0x000001d41c7ba800 JavaThread "Unconstrained build operations Thread 38" [_thread_blocked, id=15236, stack(0x000000d3b2300000,0x000000d3b2400000)]
  0x000001d41c7b5000 JavaThread "Unconstrained build operations Thread 39" [_thread_blocked, id=8564, stack(0x000000d3b2400000,0x000000d3b2500000)]
  0x000001d41c7bb800 JavaThread "Unconstrained build operations Thread 40" [_thread_blocked, id=2920, stack(0x000000d3b2500000,0x000000d3b2600000)]
  0x000001d41c7b9000 JavaThread "jar transforms Thread 4" [_thread_blocked, id=18492, stack(0x000000d3b2600000,0x000000d3b2700000)]
  0x000001d41c7ba000 JavaThread "Memory manager" [_thread_blocked, id=8644, stack(0x000000d3b2700000,0x000000d3b2800000)]

Other Threads:
=>0x000001d47fba9800 VMThread "VM Thread" [stack: 0x000000d3ad600000,0x000000d3ad700000] [id=19888]
  0x000001d47fd82000 WatcherThread [stack: 0x000000d3ae000000,0x000000d3ae100000] [id=8860]
  0x000001d47ca6a800 GCTaskThread "GC Thread#0" [stack: 0x000000d3ad100000,0x000000d3ad200000] [id=17688]
  0x000001d419779000 GCTaskThread "GC Thread#1" [stack: 0x000000d3ae200000,0x000000d3ae300000] [id=12964]
  0x000001d419ac5000 GCTaskThread "GC Thread#2" [stack: 0x000000d3ae300000,0x000000d3ae400000] [id=13280]
  0x000001d47fe87800 GCTaskThread "GC Thread#3" [stack: 0x000000d3ae400000,0x000000d3ae500000] [id=15104]
  0x000001d47ca9d000 ConcurrentGCThread "G1 Main Marker" [stack: 0x000000d3ad200000,0x000000d3ad300000] [id=6584]
  0x000001d47caa0800 ConcurrentGCThread "G1 Conc#0" [stack: 0x000000d3ad300000,0x000000d3ad400000] [id=18852]
  0x000001d47f9d4800 ConcurrentGCThread "G1 Refine#0" [stack: 0x000000d3ad400000,0x000000d3ad500000] [id=16812]
  0x000001d47f9d5800 ConcurrentGCThread "G1 Young RemSet Sampling" [stack: 0x000000d3ad500000,0x000000d3ad600000] [id=9164]

Threads with active compile tasks:
C2 CompilerThread0  25376 6801       4       java.util.TreeMap::put (247 bytes)

VM state:at safepoint (normal execution)

VM Mutex/Monitor currently owned by a thread:  ([mutex/lock_event])
[0x000001d47ca4e220] Threads_lock - owner thread: 0x000001d47fba9800
[0x000001d47ca4e580] Heap_lock - owner thread: 0x000001d41a819800

Heap address: 0x0000000080000000, size: 2048 MB, Compressed Oops mode: 32-bit
Narrow klass base: 0x0000000000000000, Narrow klass shift: 3
Compressed class space size: 1073741824 Address: 0x0000000100000000

Heap:
 garbage-first heap   total 231424K, used 56843K [0x0000000080000000, 0x0000000100000000)
  region size 1024K, 8 young (8192K), 8 survivors (8192K)
 Metaspace       used 64965K, capacity 66632K, committed 66768K, reserved 1107968K
  class space    used 8253K, capacity 8867K, committed 8960K, reserved 1048576K
Heap Regions: E=young(eden), S=young(survivor), O=old, HS=humongous(starts), HC=humongous(continues), CS=collection set, F=free, A=archive, TAMS=top-at-mark-start (previous, next)
|   0|0x0000000080000000, 0x0000000080100000, 0x0000000080100000|100%| O|  |TAMS 0x0000000080100000, 0x0000000080000000| Untracked 
|   1|0x0000000080100000, 0x0000000080200000, 0x0000000080200000|100%| O|  |TAMS 0x0000000080200000, 0x0000000080100000| Untracked 
|   2|0x0000000080200000, 0x0000000080300000, 0x0000000080300000|100%| O|  |TAMS 0x0000000080300000, 0x0000000080200000| Untracked 
|   3|0x0000000080300000, 0x0000000080400000, 0x0000000080400000|100%|HS|  |TAMS 0x0000000080400000, 0x0000000080300000| Complete 
|   4|0x0000000080400000, 0x0000000080500000, 0x0000000080500000|100%|HC|  |TAMS 0x0000000080500000, 0x0000000080400000| Complete 
|   5|0x0000000080500000, 0x0000000080600000, 0x0000000080600000|100%|HC|  |TAMS 0x0000000080600000, 0x0000000080500000| Complete 
|   6|0x0000000080600000, 0x0000000080700000, 0x0000000080700000|100%| O|  |TAMS 0x0000000080700000, 0x0000000080600000| Untracked 
|   7|0x0000000080700000, 0x0000000080800000, 0x0000000080800000|100%| O|  |TAMS 0x0000000080800000, 0x0000000080700000| Untracked 
|   8|0x0000000080800000, 0x0000000080900000, 0x0000000080900000|100%| O|  |TAMS 0x0000000080900000, 0x0000000080800000| Untracked 
|   9|0x0000000080900000, 0x0000000080a00000, 0x0000000080a00000|100%| O|  |TAMS 0x0000000080a00000, 0x0000000080900000| Untracked 
|  10|0x0000000080a00000, 0x0000000080b00000, 0x0000000080b00000|100%| O|  |TAMS 0x0000000080b00000, 0x0000000080a00000| Untracked 
|  11|0x0000000080b00000, 0x0000000080c00000, 0x0000000080c00000|100%| O|  |TAMS 0x0000000080c00000, 0x0000000080b00000| Untracked 
|  12|0x0000000080c00000, 0x0000000080d00000, 0x0000000080d00000|100%| O|  |TAMS 0x0000000080d00000, 0x0000000080c00000| Untracked 
|  13|0x0000000080d00000, 0x0000000080e00000, 0x0000000080e00000|100%| O|  |TAMS 0x0000000080e00000, 0x0000000080d00000| Untracked 
|  14|0x0000000080e00000, 0x0000000080f00000, 0x0000000080f00000|100%| O|  |TAMS 0x0000000080f00000, 0x0000000080e00000| Untracked 
|  15|0x0000000080f00000, 0x0000000081000000, 0x0000000081000000|100%| O|  |TAMS 0x0000000081000000, 0x0000000080f00000| Untracked 
|  16|0x0000000081000000, 0x0000000081100000, 0x0000000081100000|100%|HS|  |TAMS 0x0000000081100000, 0x0000000081000000| Complete 
|  17|0x0000000081100000, 0x0000000081200000, 0x0000000081200000|100%| O|  |TAMS 0x0000000081200000, 0x0000000081100000| Untracked 
|  18|0x0000000081200000, 0x0000000081300000, 0x0000000081300000|100%| O|  |TAMS 0x0000000081300000, 0x0000000081200000| Untracked 
|  19|0x0000000081300000, 0x0000000081400000, 0x0000000081400000|100%| O|  |TAMS 0x0000000081400000, 0x0000000081300000| Untracked 
|  20|0x0000000081400000, 0x0000000081500000, 0x0000000081500000|100%| O|  |TAMS 0x0000000081500000, 0x0000000081400000| Untracked 
|  21|0x0000000081500000, 0x0000000081600000, 0x0000000081600000|100%| O|  |TAMS 0x0000000081600000, 0x0000000081500000| Untracked 
|  22|0x0000000081600000, 0x0000000081700000, 0x0000000081700000|100%| O|  |TAMS 0x0000000081700000, 0x0000000081600000| Untracked 
|  23|0x0000000081700000, 0x0000000081800000, 0x0000000081800000|100%| O|  |TAMS 0x0000000081800000, 0x0000000081700000| Untracked 
|  24|0x0000000081800000, 0x0000000081900000, 0x0000000081900000|100%|HS|  |TAMS 0x0000000081900000, 0x0000000081800000| Complete 
|  25|0x0000000081900000, 0x0000000081a00000, 0x0000000081a00000|100%|HS|  |TAMS 0x0000000081a00000, 0x0000000081900000| Complete 
|  26|0x0000000081a00000, 0x0000000081b00000, 0x0000000081b00000|100%|HS|  |TAMS 0x0000000081b00000, 0x0000000081a00000| Complete 
|  27|0x0000000081b00000, 0x0000000081c00000, 0x0000000081c00000|100%|HC|  |TAMS 0x0000000081c00000, 0x0000000081b00000| Complete 
|  28|0x0000000081c00000, 0x0000000081d00000, 0x0000000081d00000|100%| O|  |TAMS 0x0000000081d00000, 0x0000000081c00000| Untracked 
|  29|0x0000000081d00000, 0x0000000081e00000, 0x0000000081e00000|100%| O|  |TAMS 0x0000000081e00000, 0x0000000081d00000| Untracked 
|  30|0x0000000081e00000, 0x0000000081f00000, 0x0000000081f00000|100%| O|  |TAMS 0x0000000081f00000, 0x0000000081e00000| Untracked 
|  31|0x0000000081f00000, 0x0000000082000000, 0x0000000082000000|100%| O|  |TAMS 0x0000000082000000, 0x0000000081f00000| Untracked 
|  32|0x0000000082000000, 0x0000000082100000, 0x0000000082100000|100%| O|  |TAMS 0x0000000082100000, 0x0000000082000000| Untracked 
|  33|0x0000000082100000, 0x0000000082200000, 0x0000000082200000|100%| O|  |TAMS 0x0000000082195c00, 0x0000000082100000| Untracked 
|  34|0x0000000082200000, 0x0000000082200000, 0x0000000082300000|  0%| F|  |TAMS 0x0000000082200000, 0x0000000082200000| Untracked 
|  35|0x0000000082300000, 0x0000000082400000, 0x0000000082400000|100%| O|  |TAMS 0x0000000082300000, 0x0000000082300000| Untracked 
|  36|0x0000000082400000, 0x0000000082500000, 0x0000000082500000|100%| O|  |TAMS 0x0000000082400000, 0x0000000082400000| Untracked 
|  37|0x0000000082500000, 0x0000000082600000, 0x0000000082600000|100%| O|  |TAMS 0x0000000082500000, 0x0000000082500000| Untracked 
|  38|0x0000000082600000, 0x0000000082700000, 0x0000000082700000|100%| O|  |TAMS 0x0000000082600000, 0x0000000082600000| Untracked 
|  39|0x0000000082700000, 0x0000000082800000, 0x0000000082800000|100%| O|  |TAMS 0x0000000082700000, 0x0000000082700000| Untracked 
|  40|0x0000000082800000, 0x0000000082900000, 0x0000000082900000|100%| O|  |TAMS 0x0000000082800000, 0x0000000082800000| Untracked 
|  41|0x0000000082900000, 0x0000000082a00000, 0x0000000082a00000|100%| O|  |TAMS 0x0000000082900000, 0x0000000082900000| Untracked 
|  42|0x0000000082a00000, 0x0000000082b00000, 0x0000000082b00000|100%| O|  |TAMS 0x0000000082a00000, 0x0000000082a00000| Untracked 
|  43|0x0000000082b00000, 0x0000000082c00000, 0x0000000082c00000|100%| O|  |TAMS 0x0000000082b00000, 0x0000000082b00000| Untracked 
|  44|0x0000000082c00000, 0x0000000082d00000, 0x0000000082d00000|100%| O|  |TAMS 0x0000000082c00000, 0x0000000082c00000| Untracked 
|  45|0x0000000082d00000, 0x0000000082e00000, 0x0000000082e00000|100%| O|  |TAMS 0x0000000082d00000, 0x0000000082d00000| Untracked 
|  46|0x0000000082e00000, 0x0000000082f00000, 0x0000000082f00000|100%| O|  |TAMS 0x0000000082e00000, 0x0000000082e00000| Untracked 
|  47|0x0000000082f00000, 0x0000000083000000, 0x0000000083000000|100%| O|  |TAMS 0x0000000082f00000, 0x0000000082f00000| Untracked 
|  48|0x0000000083000000, 0x0000000083082c00, 0x0000000083100000| 51%| O|  |TAMS 0x0000000083000000, 0x0000000083000000| Untracked 
|  49|0x0000000083100000, 0x0000000083100000, 0x0000000083200000|  0%| F|  |TAMS 0x0000000083100000, 0x0000000083100000| Untracked 
|  50|0x0000000083200000, 0x0000000083200000, 0x0000000083300000|  0%| F|  |TAMS 0x0000000083200000, 0x0000000083200000| Untracked 
|  51|0x0000000083300000, 0x0000000083300000, 0x0000000083400000|  0%| F|  |TAMS 0x0000000083300000, 0x0000000083300000| Untracked 
|  52|0x0000000083400000, 0x0000000083400000, 0x0000000083500000|  0%| F|  |TAMS 0x0000000083400000, 0x0000000083400000| Untracked 
|  53|0x0000000083500000, 0x0000000083500000, 0x0000000083600000|  0%| F|  |TAMS 0x0000000083500000, 0x0000000083500000| Untracked 
|  54|0x0000000083600000, 0x0000000083600000, 0x0000000083700000|  0%| F|  |TAMS 0x0000000083600000, 0x0000000083600000| Untracked 
|  55|0x0000000083700000, 0x0000000083700000, 0x0000000083800000|  0%| F|  |TAMS 0x0000000083700000, 0x0000000083700000| Untracked 
|  56|0x0000000083800000, 0x0000000083800000, 0x0000000083900000|  0%| F|  |TAMS 0x0000000083800000, 0x0000000083800000| Untracked 
|  57|0x0000000083900000, 0x0000000083900000, 0x0000000083a00000|  0%| F|  |TAMS 0x0000000083900000, 0x0000000083900000| Untracked 
|  58|0x0000000083a00000, 0x0000000083a00000, 0x0000000083b00000|  0%| F|  |TAMS 0x0000000083a00000, 0x0000000083a00000| Untracked 
|  59|0x0000000083b00000, 0x0000000083b00000, 0x0000000083c00000|  0%| F|  |TAMS 0x0000000083b00000, 0x0000000083b00000| Untracked 
|  60|0x0000000083c00000, 0x0000000083c00000, 0x0000000083d00000|  0%| F|  |TAMS 0x0000000083c00000, 0x0000000083c00000| Untracked 
|  61|0x0000000083d00000, 0x0000000083d00000, 0x0000000083e00000|  0%| F|  |TAMS 0x0000000083d00000, 0x0000000083d00000| Untracked 
|  62|0x0000000083e00000, 0x0000000083e00000, 0x0000000083f00000|  0%| F|  |TAMS 0x0000000083e00000, 0x0000000083e00000| Untracked 
|  63|0x0000000083f00000, 0x0000000083f00000, 0x0000000084000000|  0%| F|  |TAMS 0x0000000083f00000, 0x0000000083f00000| Untracked 
|  64|0x0000000084000000, 0x0000000084000000, 0x0000000084100000|  0%| F|  |TAMS 0x0000000084000000, 0x0000000084000000| Untracked 
|  65|0x0000000084100000, 0x0000000084100000, 0x0000000084200000|  0%| F|  |TAMS 0x0000000084100000, 0x0000000084100000| Untracked 
|  66|0x0000000084200000, 0x0000000084200000, 0x0000000084300000|  0%| F|  |TAMS 0x0000000084200000, 0x0000000084200000| Untracked 
|  67|0x0000000084300000, 0x0000000084300000, 0x0000000084400000|  0%| F|  |TAMS 0x0000000084300000, 0x0000000084300000| Untracked 
|  68|0x0000000084400000, 0x0000000084400000, 0x0000000084500000|  0%| F|  |TAMS 0x0000000084400000, 0x0000000084400000| Untracked 
|  69|0x0000000084500000, 0x0000000084500000, 0x0000000084600000|  0%| F|  |TAMS 0x0000000084500000, 0x0000000084500000| Untracked 
|  70|0x0000000084600000, 0x0000000084600000, 0x0000000084700000|  0%| F|  |TAMS 0x0000000084600000, 0x0000000084600000| Untracked 
|  71|0x0000000084700000, 0x0000000084700000, 0x0000000084800000|  0%| F|  |TAMS 0x0000000084700000, 0x0000000084700000| Untracked 
|  72|0x0000000084800000, 0x0000000084800000, 0x0000000084900000|  0%| F|  |TAMS 0x0000000084800000, 0x0000000084800000| Untracked 
|  73|0x0000000084900000, 0x0000000084900000, 0x0000000084a00000|  0%| F|  |TAMS 0x0000000084900000, 0x0000000084900000| Untracked 
|  74|0x0000000084a00000, 0x0000000084b00000, 0x0000000084b00000|100%| S|CS|TAMS 0x0000000084a00000, 0x0000000084a00000| Complete 
|  75|0x0000000084b00000, 0x0000000084c00000, 0x0000000084c00000|100%| S|CS|TAMS 0x0000000084b00000, 0x0000000084b00000| Complete 
|  76|0x0000000084c00000, 0x0000000084d00000, 0x0000000084d00000|100%| S|CS|TAMS 0x0000000084c00000, 0x0000000084c00000| Complete 
|  77|0x0000000084d00000, 0x0000000084e00000, 0x0000000084e00000|100%| S|CS|TAMS 0x0000000084d00000, 0x0000000084d00000| Complete 
|  78|0x0000000084e00000, 0x0000000084f00000, 0x0000000084f00000|100%| S|CS|TAMS 0x0000000084e00000, 0x0000000084e00000| Complete 
|  79|0x0000000084f00000, 0x0000000085000000, 0x0000000085000000|100%| S|CS|TAMS 0x0000000084f00000, 0x0000000084f00000| Complete 
|  80|0x0000000085000000, 0x0000000085100000, 0x0000000085100000|100%| S|CS|TAMS 0x0000000085000000, 0x0000000085000000| Complete 
|  81|0x0000000085100000, 0x0000000085200000, 0x0000000085200000|100%| S|CS|TAMS 0x0000000085100000, 0x0000000085100000| Complete 
|  82|0x0000000085200000, 0x0000000085200000, 0x0000000085300000|  0%| F|  |TAMS 0x0000000085200000, 0x0000000085200000| Untracked 
|  83|0x0000000085300000, 0x0000000085300000, 0x0000000085400000|  0%| F|  |TAMS 0x0000000085300000, 0x0000000085300000| Untracked 
|  84|0x0000000085400000, 0x0000000085400000, 0x0000000085500000|  0%| F|  |TAMS 0x0000000085400000, 0x0000000085400000| Untracked 
|  85|0x0000000085500000, 0x0000000085500000, 0x0000000085600000|  0%| F|  |TAMS 0x0000000085500000, 0x0000000085500000| Untracked 
|  86|0x0000000085600000, 0x0000000085600000, 0x0000000085700000|  0%| F|  |TAMS 0x0000000085600000, 0x0000000085600000| Untracked 
|  87|0x0000000085700000, 0x0000000085700000, 0x0000000085800000|  0%| F|  |TAMS 0x0000000085700000, 0x0000000085700000| Untracked 
|  88|0x0000000085800000, 0x0000000085800000, 0x0000000085900000|  0%| F|  |TAMS 0x0000000085800000, 0x0000000085800000| Untracked 
|  89|0x0000000085900000, 0x0000000085900000, 0x0000000085a00000|  0%| F|  |TAMS 0x0000000085900000, 0x0000000085900000| Untracked 
|  90|0x0000000085a00000, 0x0000000085a00000, 0x0000000085b00000|  0%| F|  |TAMS 0x0000000085a00000, 0x0000000085a00000| Untracked 
|  91|0x0000000085b00000, 0x0000000085b00000, 0x0000000085c00000|  0%| F|  |TAMS 0x0000000085b00000, 0x0000000085b00000| Untracked 
|  92|0x0000000085c00000, 0x0000000085c00000, 0x0000000085d00000|  0%| F|  |TAMS 0x0000000085c00000, 0x0000000085c00000| Untracked 
|  93|0x0000000085d00000, 0x0000000085d00000, 0x0000000085e00000|  0%| F|  |TAMS 0x0000000085d00000, 0x0000000085d00000| Untracked 
|  94|0x0000000085e00000, 0x0000000085e00000, 0x0000000085f00000|  0%| F|  |TAMS 0x0000000085e00000, 0x0000000085e00000| Untracked 
|  95|0x0000000085f00000, 0x0000000085f00000, 0x0000000086000000|  0%| F|  |TAMS 0x0000000085f00000, 0x0000000085f00000| Untracked 
|  96|0x0000000086000000, 0x0000000086000000, 0x0000000086100000|  0%| F|  |TAMS 0x0000000086000000, 0x0000000086000000| Untracked 
|  97|0x0000000086100000, 0x0000000086100000, 0x0000000086200000|  0%| F|  |TAMS 0x0000000086100000, 0x0000000086100000| Untracked 
|  98|0x0000000086200000, 0x0000000086200000, 0x0000000086300000|  0%| F|  |TAMS 0x0000000086200000, 0x0000000086200000| Untracked 
|  99|0x0000000086300000, 0x0000000086300000, 0x0000000086400000|  0%| F|  |TAMS 0x0000000086300000, 0x0000000086300000| Untracked 
| 100|0x0000000086400000, 0x0000000086400000, 0x0000000086500000|  0%| F|  |TAMS 0x0000000086400000, 0x0000000086400000| Untracked 
| 101|0x0000000086500000, 0x0000000086500000, 0x0000000086600000|  0%| F|  |TAMS 0x0000000086500000, 0x0000000086500000| Untracked 
| 102|0x0000000086600000, 0x0000000086600000, 0x0000000086700000|  0%| F|  |TAMS 0x0000000086600000, 0x0000000086600000| Untracked 
| 103|0x0000000086700000, 0x0000000086700000, 0x0000000086800000|  0%| F|  |TAMS 0x0000000086700000, 0x0000000086700000| Untracked 
| 104|0x0000000086800000, 0x0000000086800000, 0x0000000086900000|  0%| F|  |TAMS 0x0000000086800000, 0x0000000086800000| Untracked 
| 105|0x0000000086900000, 0x0000000086900000, 0x0000000086a00000|  0%| F|  |TAMS 0x0000000086900000, 0x0000000086900000| Untracked 
| 106|0x0000000086a00000, 0x0000000086a00000, 0x0000000086b00000|  0%| F|  |TAMS 0x0000000086a00000, 0x0000000086a00000| Untracked 
| 107|0x0000000086b00000, 0x0000000086b00000, 0x0000000086c00000|  0%| F|  |TAMS 0x0000000086b00000, 0x0000000086b00000| Untracked 
| 108|0x0000000086c00000, 0x0000000086c00000, 0x0000000086d00000|  0%| F|  |TAMS 0x0000000086c00000, 0x0000000086c00000| Untracked 
| 109|0x0000000086d00000, 0x0000000086d00000, 0x0000000086e00000|  0%| F|  |TAMS 0x0000000086d00000, 0x0000000086d00000| Untracked 
| 110|0x0000000086e00000, 0x0000000086e00000, 0x0000000086f00000|  0%| F|  |TAMS 0x0000000086e00000, 0x0000000086e00000| Untracked 
| 111|0x0000000086f00000, 0x0000000086f00000, 0x0000000087000000|  0%| F|  |TAMS 0x0000000086f00000, 0x0000000086f00000| Untracked 
| 112|0x0000000087000000, 0x0000000087000000, 0x0000000087100000|  0%| F|  |TAMS 0x0000000087000000, 0x0000000087000000| Untracked 
| 113|0x0000000087100000, 0x0000000087100000, 0x0000000087200000|  0%| F|  |TAMS 0x0000000087100000, 0x0000000087100000| Untracked 
| 114|0x0000000087200000, 0x0000000087200000, 0x0000000087300000|  0%| F|  |TAMS 0x0000000087200000, 0x0000000087200000| Untracked 
| 115|0x0000000087300000, 0x0000000087300000, 0x0000000087400000|  0%| F|  |TAMS 0x0000000087300000, 0x0000000087300000| Untracked 
| 116|0x0000000087400000, 0x0000000087400000, 0x0000000087500000|  0%| F|  |TAMS 0x0000000087400000, 0x0000000087400000| Untracked 
| 117|0x0000000087500000, 0x0000000087500000, 0x0000000087600000|  0%| F|  |TAMS 0x0000000087500000, 0x0000000087500000| Untracked 
| 118|0x0000000087600000, 0x0000000087600000, 0x0000000087700000|  0%| F|  |TAMS 0x0000000087600000, 0x0000000087600000| Untracked 
| 119|0x0000000087700000, 0x0000000087700000, 0x0000000087800000|  0%| F|  |TAMS 0x0000000087700000, 0x0000000087700000| Untracked 
| 120|0x0000000087800000, 0x0000000087800000, 0x0000000087900000|  0%| F|  |TAMS 0x0000000087800000, 0x0000000087800000| Untracked 
| 121|0x0000000087900000, 0x0000000087900000, 0x0000000087a00000|  0%| F|  |TAMS 0x0000000087900000, 0x0000000087900000| Untracked 
| 122|0x0000000087a00000, 0x0000000087a00000, 0x0000000087b00000|  0%| F|  |TAMS 0x0000000087a00000, 0x0000000087a00000| Untracked 
| 123|0x0000000087b00000, 0x0000000087b00000, 0x0000000087c00000|  0%| F|  |TAMS 0x0000000087b00000, 0x0000000087b00000| Untracked 
| 124|0x0000000087c00000, 0x0000000087c00000, 0x0000000087d00000|  0%| F|  |TAMS 0x0000000087c00000, 0x0000000087c00000| Untracked 
| 125|0x0000000087d00000, 0x0000000087d00000, 0x0000000087e00000|  0%| F|  |TAMS 0x0000000087d00000, 0x0000000087d00000| Untracked 
| 126|0x0000000087e00000, 0x0000000087e00000, 0x0000000087f00000|  0%| F|  |TAMS 0x0000000087e00000, 0x0000000087e00000| Untracked 
| 127|0x0000000087f00000, 0x0000000087f00000, 0x0000000088000000|  0%| F|  |TAMS 0x0000000087f00000, 0x0000000087f00000| Untracked 
| 128|0x0000000088000000, 0x0000000088000000, 0x0000000088100000|  0%| F|  |TAMS 0x0000000088000000, 0x0000000088000000| Untracked 
| 129|0x0000000088100000, 0x0000000088100000, 0x0000000088200000|  0%| F|  |TAMS 0x0000000088100000, 0x0000000088100000| Untracked 
| 130|0x0000000088200000, 0x0000000088200000, 0x0000000088300000|  0%| F|  |TAMS 0x0000000088200000, 0x0000000088200000| Untracked 
| 131|0x0000000088300000, 0x0000000088300000, 0x0000000088400000|  0%| F|  |TAMS 0x0000000088300000, 0x0000000088300000| Untracked 
| 132|0x0000000088400000, 0x0000000088400000, 0x0000000088500000|  0%| F|  |TAMS 0x0000000088400000, 0x0000000088400000| Untracked 
| 133|0x0000000088500000, 0x0000000088500000, 0x0000000088600000|  0%| F|  |TAMS 0x0000000088500000, 0x0000000088500000| Untracked 
| 134|0x0000000088600000, 0x0000000088600000, 0x0000000088700000|  0%| F|  |TAMS 0x0000000088600000, 0x0000000088600000| Untracked 
| 135|0x0000000088700000, 0x0000000088700000, 0x0000000088800000|  0%| F|  |TAMS 0x0000000088700000, 0x0000000088700000| Untracked 
| 136|0x0000000088800000, 0x0000000088800000, 0x0000000088900000|  0%| F|  |TAMS 0x0000000088800000, 0x0000000088800000| Untracked 
| 137|0x0000000088900000, 0x0000000088900000, 0x0000000088a00000|  0%| F|  |TAMS 0x0000000088900000, 0x0000000088900000| Untracked 
| 138|0x0000000088a00000, 0x0000000088a00000, 0x0000000088b00000|  0%| F|  |TAMS 0x0000000088a00000, 0x0000000088a00000| Untracked 
| 139|0x0000000088b00000, 0x0000000088b00000, 0x0000000088c00000|  0%| F|  |TAMS 0x0000000088b00000, 0x0000000088b00000| Untracked 
| 140|0x0000000088c00000, 0x0000000088c00000, 0x0000000088d00000|  0%| F|  |TAMS 0x0000000088c00000, 0x0000000088c00000| Untracked 
| 141|0x0000000088d00000, 0x0000000088d00000, 0x0000000088e00000|  0%| F|  |TAMS 0x0000000088d00000, 0x0000000088d00000| Untracked 
| 142|0x0000000088e00000, 0x0000000088e00000, 0x0000000088f00000|  0%| F|  |TAMS 0x0000000088e00000, 0x0000000088e00000| Untracked 
| 143|0x0000000088f00000, 0x0000000088f00000, 0x0000000089000000|  0%| F|  |TAMS 0x0000000088f00000, 0x0000000088f00000| Untracked 
| 144|0x0000000089000000, 0x0000000089000000, 0x0000000089100000|  0%| F|  |TAMS 0x0000000089000000, 0x0000000089000000| Untracked 
| 145|0x0000000089100000, 0x0000000089100000, 0x0000000089200000|  0%| F|  |TAMS 0x0000000089100000, 0x0000000089100000| Untracked 
| 146|0x0000000089200000, 0x0000000089200000, 0x0000000089300000|  0%| F|  |TAMS 0x0000000089200000, 0x0000000089200000| Untracked 
| 147|0x0000000089300000, 0x0000000089300000, 0x0000000089400000|  0%| F|  |TAMS 0x0000000089300000, 0x0000000089300000| Untracked 
| 148|0x0000000089400000, 0x0000000089400000, 0x0000000089500000|  0%| F|  |TAMS 0x0000000089400000, 0x0000000089400000| Untracked 
| 149|0x0000000089500000, 0x0000000089500000, 0x0000000089600000|  0%| F|  |TAMS 0x0000000089500000, 0x0000000089500000| Untracked 
| 150|0x0000000089600000, 0x0000000089600000, 0x0000000089700000|  0%| F|  |TAMS 0x0000000089600000, 0x0000000089600000| Untracked 
| 151|0x0000000089700000, 0x0000000089700000, 0x0000000089800000|  0%| F|  |TAMS 0x0000000089700000, 0x0000000089700000| Untracked 
| 152|0x0000000089800000, 0x0000000089800000, 0x0000000089900000|  0%| F|  |TAMS 0x0000000089800000, 0x0000000089800000| Untracked 
| 153|0x0000000089900000, 0x0000000089900000, 0x0000000089a00000|  0%| F|  |TAMS 0x0000000089900000, 0x0000000089900000| Untracked 
| 154|0x0000000089a00000, 0x0000000089a00000, 0x0000000089b00000|  0%| F|  |TAMS 0x0000000089a00000, 0x0000000089a00000| Untracked 
| 155|0x0000000089b00000, 0x0000000089b00000, 0x0000000089c00000|  0%| F|  |TAMS 0x0000000089b00000, 0x0000000089b00000| Untracked 
| 156|0x0000000089c00000, 0x0000000089c00000, 0x0000000089d00000|  0%| F|  |TAMS 0x0000000089c00000, 0x0000000089c00000| Untracked 
| 157|0x0000000089d00000, 0x0000000089d00000, 0x0000000089e00000|  0%| F|  |TAMS 0x0000000089d00000, 0x0000000089d00000| Untracked 
| 158|0x0000000089e00000, 0x0000000089e00000, 0x0000000089f00000|  0%| F|  |TAMS 0x0000000089e00000, 0x0000000089e00000| Untracked 
| 159|0x0000000089f00000, 0x0000000089f00000, 0x000000008a000000|  0%| F|  |TAMS 0x0000000089f00000, 0x0000000089f00000| Untracked 
| 160|0x000000008a000000, 0x000000008a000000, 0x000000008a100000|  0%| F|  |TAMS 0x000000008a000000, 0x000000008a000000| Untracked 
| 161|0x000000008a100000, 0x000000008a100000, 0x000000008a200000|  0%| F|  |TAMS 0x000000008a100000, 0x000000008a100000| Untracked 
| 162|0x000000008a200000, 0x000000008a200000, 0x000000008a300000|  0%| F|  |TAMS 0x000000008a200000, 0x000000008a200000| Untracked 
| 163|0x000000008a300000, 0x000000008a300000, 0x000000008a400000|  0%| F|  |TAMS 0x000000008a300000, 0x000000008a300000| Untracked 
| 164|0x000000008a400000, 0x000000008a400000, 0x000000008a500000|  0%| F|  |TAMS 0x000000008a400000, 0x000000008a400000| Untracked 
| 165|0x000000008a500000, 0x000000008a500000, 0x000000008a600000|  0%| F|  |TAMS 0x000000008a500000, 0x000000008a500000| Untracked 
| 166|0x000000008a600000, 0x000000008a600000, 0x000000008a700000|  0%| F|  |TAMS 0x000000008a600000, 0x000000008a600000| Untracked 
| 167|0x000000008a700000, 0x000000008a700000, 0x000000008a800000|  0%| F|  |TAMS 0x000000008a700000, 0x000000008a700000| Untracked 
| 168|0x000000008a800000, 0x000000008a800000, 0x000000008a900000|  0%| F|  |TAMS 0x000000008a800000, 0x000000008a800000| Untracked 
| 169|0x000000008a900000, 0x000000008a900000, 0x000000008aa00000|  0%| F|  |TAMS 0x000000008a900000, 0x000000008a900000| Untracked 
| 170|0x000000008aa00000, 0x000000008aa00000, 0x000000008ab00000|  0%| F|  |TAMS 0x000000008aa00000, 0x000000008aa00000| Untracked 
| 171|0x000000008ab00000, 0x000000008ab00000, 0x000000008ac00000|  0%| F|  |TAMS 0x000000008ab00000, 0x000000008ab00000| Untracked 
| 172|0x000000008ac00000, 0x000000008ac00000, 0x000000008ad00000|  0%| F|  |TAMS 0x000000008ac00000, 0x000000008ac00000| Untracked 
| 173|0x000000008ad00000, 0x000000008ad00000, 0x000000008ae00000|  0%| F|  |TAMS 0x000000008ad00000, 0x000000008ad00000| Untracked 
| 174|0x000000008ae00000, 0x000000008ae00000, 0x000000008af00000|  0%| F|  |TAMS 0x000000008ae00000, 0x000000008ae00000| Untracked 
| 175|0x000000008af00000, 0x000000008af00000, 0x000000008b000000|  0%| F|  |TAMS 0x000000008af00000, 0x000000008af00000| Untracked 
| 176|0x000000008b000000, 0x000000008b000000, 0x000000008b100000|  0%| F|  |TAMS 0x000000008b000000, 0x000000008b000000| Untracked 
| 177|0x000000008b100000, 0x000000008b100000, 0x000000008b200000|  0%| F|  |TAMS 0x000000008b100000, 0x000000008b100000| Untracked 
| 178|0x000000008b200000, 0x000000008b200000, 0x000000008b300000|  0%| F|  |TAMS 0x000000008b200000, 0x000000008b200000| Untracked 
| 179|0x000000008b300000, 0x000000008b300000, 0x000000008b400000|  0%| F|  |TAMS 0x000000008b300000, 0x000000008b300000| Untracked 
| 180|0x000000008b400000, 0x000000008b400000, 0x000000008b500000|  0%| F|  |TAMS 0x000000008b400000, 0x000000008b400000| Untracked 
| 181|0x000000008b500000, 0x000000008b500000, 0x000000008b600000|  0%| F|  |TAMS 0x000000008b500000, 0x000000008b500000| Untracked 
| 182|0x000000008b600000, 0x000000008b600000, 0x000000008b700000|  0%| F|  |TAMS 0x000000008b600000, 0x000000008b600000| Untracked 
| 183|0x000000008b700000, 0x000000008b700000, 0x000000008b800000|  0%| F|  |TAMS 0x000000008b700000, 0x000000008b700000| Untracked 
| 184|0x000000008b800000, 0x000000008b800000, 0x000000008b900000|  0%| F|  |TAMS 0x000000008b800000, 0x000000008b800000| Untracked 
| 185|0x000000008b900000, 0x000000008b900000, 0x000000008ba00000|  0%| F|  |TAMS 0x000000008b900000, 0x000000008b900000| Untracked 
| 186|0x000000008ba00000, 0x000000008ba00000, 0x000000008bb00000|  0%| F|  |TAMS 0x000000008ba00000, 0x000000008ba00000| Untracked 
| 187|0x000000008bb00000, 0x000000008bb00000, 0x000000008bc00000|  0%| F|  |TAMS 0x000000008bb00000, 0x000000008bb00000| Untracked 

Card table byte_map: [0x000001d47ed10000,0x000001d47f110000] _byte_map_base: 0x000001d47e910000

Marking Bits (Prev, Next): (CMBitMap*) 0x000001d47ca94410, (CMBitMap*) 0x000001d47ca943d8
 Prev Bits: [0x000001d414a20000, 0x000001d416a20000)
 Next Bits: [0x000001d412a20000, 0x000001d414a20000)

Polling page: 0x000001d47c910000

Metaspace:

Usage:
  Non-class:     56.41 MB capacity,    55.38 MB ( 98%) used,   888.23 KB (  2%) free+waste,   165.19 KB ( <1%) overhead. 
      Class:      8.66 MB capacity,     8.06 MB ( 93%) used,   536.03 KB (  6%) free+waste,    77.25 KB ( <1%) overhead. 
       Both:     65.07 MB capacity,    63.44 MB ( 97%) used,     1.39 MB (  2%) free+waste,   242.44 KB ( <1%) overhead. 

Virtual space:
  Non-class space:       58.00 MB reserved,      56.45 MB ( 97%) committed 
      Class space:        1.00 GB reserved,       8.75 MB ( <1%) committed 
             Both:        1.06 GB reserved,      65.20 MB (  6%) committed 

Chunk freelists:
   Non-Class:  43.00 KB
       Class:  29.00 KB
        Both:  72.00 KB

MaxMetaspaceSize: 17179869184.00 GB
CompressedClassSpaceSize: 1.00 GB

CodeHeap 'non-profiled nmethods': size=120064Kb used=3912Kb max_used=3912Kb free=116151Kb
 bounds [0x000001d40b4e0000, 0x000001d40b8c0000, 0x000001d412a20000]
CodeHeap 'profiled nmethods': size=120000Kb used=14567Kb max_used=14567Kb free=105432Kb
 bounds [0x000001d403fb0000, 0x000001d404df0000, 0x000001d40b4e0000]
CodeHeap 'non-nmethods': size=5696Kb used=2262Kb max_used=2298Kb free=3433Kb
 bounds [0x000001d403a20000, 0x000001d403c90000, 0x000001d403fb0000]
 total_blobs=7636 nmethods=6783 adapters=764
 compilation: enabled
              stopped_count=0, restarted_count=0
 full_count=0

Compilation events (20 events):
Event: 25.012 Thread 0x000001d47fb8f000 6796       3       groovy.lang.MetaMethod::equal (38 bytes)
Event: 25.013 Thread 0x000001d47fb8f000 nmethod 6796 0x000001d404de6310 code [0x000001d404de64e0, 0x000001d404de6758]
Event: 25.135 Thread 0x000001d47fc0e000 nmethod 6794 0x000001d40b8a8990 code [0x000001d40b8a8d00, 0x000001d40b8ac428]
Event: 25.135 Thread 0x000001d47fc0e000 6795       4       groovy.lang.MetaClassImpl$1MOPIter::methodNameAction (325 bytes)
Event: 25.186 Thread 0x000001d47fb8f000 6800       3       org.codehaus.groovy.runtime.metaclass.MetaMethodIndex$Header::<init> (26 bytes)
Event: 25.186 Thread 0x000001d47fb8f000 nmethod 6800 0x000001d404de6890 code [0x000001d404de6a60, 0x000001d404de6d48]
Event: 25.212 Thread 0x000001d47fb8f000 6802       3       java.lang.StringBuilder::append (10 bytes)
Event: 25.212 Thread 0x000001d47fb8f000 nmethod 6802 0x000001d404de6e90 code [0x000001d404de7040, 0x000001d404de7188]
Event: 25.215 Thread 0x000001d47fb8f000 6803       3       java.beans.PropertyDescriptor::<init> (112 bytes)
Event: 25.216 Thread 0x000001d47fb8f000 nmethod 6803 0x000001d404de7210 code [0x000001d404de7440, 0x000001d404de7b68]
Event: 25.216 Thread 0x000001d47fb8f000 6804   !   3       java.beans.PropertyDescriptor::updateGenericsFor (37 bytes)
Event: 25.217 Thread 0x000001d47fb8f000 nmethod 6804 0x000001d404de7e10 code [0x000001d404de80e0, 0x000001d404de9138]
Event: 25.232 Thread 0x000001d47fc0e000 nmethod 6795 0x000001d40b8ad810 code [0x000001d40b8adb20, 0x000001d40b8b0230]
Event: 25.233 Thread 0x000001d47fc0e000 6801       4       java.util.TreeMap::put (247 bytes)
Event: 25.236 Thread 0x000001d47fb8f000 6806       3       java.util.LinkedList$ListItr::set (28 bytes)
Event: 25.236 Thread 0x000001d47fb8f000 nmethod 6806 0x000001d404de9690 code [0x000001d404de9880, 0x000001d404de9c78]
Event: 25.255 Thread 0x000001d47fb8f000 6807       1       org.codehaus.groovy.runtime.callsite.AbstractCallSite::getArray (5 bytes)
Event: 25.255 Thread 0x000001d47fb8f000 nmethod 6807 0x000001d40b8b1c10 code [0x000001d40b8b1dc0, 0x000001d40b8b1e78]
Event: 25.258 Thread 0x000001d47fb8f000 6808       1       java.lang.reflect.AccessibleObject::isAccessible (5 bytes)
Event: 25.258 Thread 0x000001d47fb8f000 nmethod 6808 0x000001d40b8b1f10 code [0x000001d40b8b20c0, 0x000001d40b8b2178]

GC Heap History (20 events):
Event: 1.138 GC heap after
{Heap after GC invocations=1 (full 0):
 garbage-first heap   total 192512K, used 7938K [0x0000000080000000, 0x0000000100000000)
  region size 1024K, 2 young (2048K), 2 survivors (2048K)
 Metaspace       used 6732K, capacity 6921K, committed 7168K, reserved 1056768K
  class space    used 582K, capacity 650K, committed 768K, reserved 1048576K
}
Event: 1.647 GC heap before
{Heap before GC invocations=1 (full 0):
 garbage-first heap   total 192512K, used 20226K [0x0000000080000000, 0x0000000100000000)
  region size 1024K, 14 young (14336K), 2 survivors (2048K)
 Metaspace       used 10299K, capacity 10551K, committed 10624K, reserved 1058816K
  class space    used 1074K, capacity 1141K, committed 1152K, reserved 1048576K
}
Event: 1.651 GC heap after
{Heap after GC invocations=2 (full 0):
 garbage-first heap   total 192512K, used 9809K [0x0000000080000000, 0x0000000100000000)
  region size 1024K, 2 young (2048K), 2 survivors (2048K)
 Metaspace       used 10299K, capacity 10551K, committed 10624K, reserved 1058816K
  class space    used 1074K, capacity 1141K, committed 1152K, reserved 1048576K
}
Event: 2.629 GC heap before
{Heap before GC invocations=2 (full 0):
 garbage-first heap   total 192512K, used 39505K [0x0000000080000000, 0x0000000100000000)
  region size 1024K, 31 young (31744K), 2 survivors (2048K)
 Metaspace       used 11267K, capacity 11506K, committed 11776K, reserved 1060864K
  class space    used 1176K, capacity 1246K, committed 1280K, reserved 1048576K
}
Event: 2.632 GC heap after
{Heap after GC invocations=3 (full 0):
 garbage-first heap   total 192512K, used 12364K [0x0000000080000000, 0x0000000100000000)
  region size 1024K, 4 young (4096K), 4 survivors (4096K)
 Metaspace       used 11267K, capacity 11506K, committed 11776K, reserved 1060864K
  class space    used 1176K, capacity 1246K, committed 1280K, reserved 1048576K
}
Event: 4.745 GC heap before
{Heap before GC invocations=3 (full 0):
 garbage-first heap   total 192512K, used 56396K [0x0000000080000000, 0x0000000100000000)
  region size 1024K, 47 young (48128K), 4 survivors (4096K)
 Metaspace       used 17721K, capacity 18121K, committed 18432K, reserved 1064960K
  class space    used 2101K, capacity 2221K, committed 2304K, reserved 1048576K
}
Event: 4.753 GC heap after
{Heap after GC invocations=4 (full 0):
 garbage-first heap   total 192512K, used 16209K [0x0000000080000000, 0x0000000100000000)
  region size 1024K, 6 young (6144K), 6 survivors (6144K)
 Metaspace       used 17721K, capacity 18121K, committed 18432K, reserved 1064960K
  class space    used 2101K, capacity 2221K, committed 2304K, reserved 1048576K
}
Event: 5.149 GC heap before
{Heap before GC invocations=4 (full 0):
 garbage-first heap   total 192512K, used 39761K [0x0000000080000000, 0x0000000100000000)
  region size 1024K, 30 young (30720K), 6 survivors (6144K)
 Metaspace       used 20662K, capacity 21100K, committed 21296K, reserved 1069056K
  class space    used 2533K, capacity 2660K, committed 2688K, reserved 1048576K
}
Event: 5.156 GC heap after
{Heap after GC invocations=5 (full 0):
 garbage-first heap   total 192512K, used 17278K [0x0000000080000000, 0x0000000100000000)
  region size 1024K, 6 young (6144K), 6 survivors (6144K)
 Metaspace       used 20662K, capacity 21100K, committed 21296K, reserved 1069056K
  class space    used 2533K, capacity 2660K, committed 2688K, reserved 1048576K
}
Event: 5.973 GC heap before
{Heap before GC invocations=6 (full 0):
 garbage-first heap   total 192512K, used 71550K [0x0000000080000000, 0x0000000100000000)
  region size 1024K, 59 young (60416K), 6 survivors (6144K)
 Metaspace       used 26139K, capacity 26763K, committed 27008K, reserved 1073152K
  class space    used 3421K, capacity 3618K, committed 3712K, reserved 1048576K
}
Event: 5.982 GC heap after
{Heap after GC invocations=7 (full 0):
 garbage-first heap   total 192512K, used 19375K [0x0000000080000000, 0x0000000100000000)
  region size 1024K, 3 young (3072K), 3 survivors (3072K)
 Metaspace       used 26139K, capacity 26763K, committed 27008K, reserved 1073152K
  class space    used 3421K, capacity 3618K, committed 3712K, reserved 1048576K
}
Event: 7.432 GC heap before
{Heap before GC invocations=7 (full 0):
 garbage-first heap   total 192512K, used 77743K [0x0000000080000000, 0x0000000100000000)
  region size 1024K, 61 young (62464K), 3 survivors (3072K)
 Metaspace       used 35067K, capacity 35842K, committed 36048K, reserved 1081344K
  class space    used 4564K, capacity 4863K, committed 4864K, reserved 1048576K
}
Event: 7.445 GC heap after
{Heap after GC invocations=8 (full 0):
 garbage-first heap   total 192512K, used 23057K [0x0000000080000000, 0x0000000100000000)
  region size 1024K, 7 young (7168K), 7 survivors (7168K)
 Metaspace       used 35067K, capacity 35842K, committed 36048K, reserved 1081344K
  class space    used 4564K, capacity 4863K, committed 4864K, reserved 1048576K
}
Event: 10.015 GC heap before
{Heap before GC invocations=9 (full 0):
 garbage-first heap   total 192512K, used 103953K [0x0000000080000000, 0x0000000100000000)
  region size 1024K, 84 young (86016K), 7 survivors (7168K)
 Metaspace       used 41279K, capacity 42302K, committed 42576K, reserved 1085440K
  class space    used 5312K, capacity 5680K, committed 5760K, reserved 1048576K
}
Event: 10.034 GC heap after
{Heap after GC invocations=10 (full 0):
 garbage-first heap   total 192512K, used 29143K [0x0000000080000000, 0x0000000100000000)
  region size 1024K, 11 young (11264K), 11 survivors (11264K)
 Metaspace       used 41279K, capacity 42302K, committed 42576K, reserved 1085440K
  class space    used 5312K, capacity 5680K, committed 5760K, reserved 1048576K
}
Event: 13.797 GC heap before
{Heap before GC invocations=10 (full 0):
 garbage-first heap   total 192512K, used 129495K [0x0000000080000000, 0x0000000100000000)
  region size 1024K, 109 young (111616K), 11 survivors (11264K)
 Metaspace       used 48016K, capacity 49227K, committed 49360K, reserved 1091584K
  class space    used 6116K, capacity 6577K, committed 6656K, reserved 1048576K
}
Event: 13.830 GC heap after
{Heap after GC invocations=11 (full 0):
 garbage-first heap   total 192512K, used 34531K [0x0000000080000000, 0x0000000100000000)
  region size 1024K, 11 young (11264K), 11 survivors (11264K)
 Metaspace       used 48016K, capacity 49227K, committed 49360K, reserved 1091584K
  class space    used 6116K, capacity 6577K, committed 6656K, reserved 1048576K
}
Event: 21.013 GC heap before
{Heap before GC invocations=11 (full 0):
 garbage-first heap   total 192512K, used 126691K [0x0000000080000000, 0x0000000100000000)
  region size 1024K, 98 young (100352K), 11 survivors (11264K)
 Metaspace       used 58749K, capacity 60166K, committed 60240K, reserved 1101824K
  class space    used 7452K, capacity 8006K, committed 8064K, reserved 1048576K
}
Event: 21.055 GC heap after
{Heap after GC invocations=12 (full 0):
 garbage-first heap   total 192512K, used 48727K [0x0000000080000000, 0x0000000100000000)
  region size 1024K, 14 young (14336K), 14 survivors (14336K)
 Metaspace       used 58749K, capacity 60166K, committed 60240K, reserved 1101824K
  class space    used 7452K, capacity 8006K, committed 8064K, reserved 1048576K
}
Event: 25.274 GC heap before
{Heap before GC invocations=13 (full 0):
 garbage-first heap   total 192512K, used 142935K [0x0000000080000000, 0x0000000100000000)
  region size 1024K, 106 young (108544K), 14 survivors (14336K)
 Metaspace       used 64965K, capacity 66632K, committed 66768K, reserved 1107968K
  class space    used 8253K, capacity 8867K, committed 8960K, reserved 1048576K
}

Deoptimization events (20 events):
Event: 24.438 Thread 0x000001d41a819800 Uncommon trap: trap_request=0xffffffde fr.pc=0x000001d40b6ad938 relative=0x00000000000018b8
Event: 24.439 Thread 0x000001d41a819800 Uncommon trap: reason=class_check action=maybe_recompile pc=0x000001d40b6ad938 method=org.codehaus.groovy.reflection.ParameterTypes.getParametersTypes0()V @ 16 c2
Event: 24.439 Thread 0x000001d41a819800 DEOPT PACKING pc=0x000001d40b6ad938 sp=0x000000d3aeaf6130
Event: 24.439 Thread 0x000001d41a819800 DEOPT UNPACKING pc=0x000001d403a4662f sp=0x000000d3aeaf6118 mode 2
Event: 24.480 Thread 0x000001d41a819800 Uncommon trap: trap_request=0xffffff4d fr.pc=0x000001d40b84b218 relative=0x0000000000001578
Event: 24.480 Thread 0x000001d41a819800 Uncommon trap: reason=unstable_if action=reinterpret pc=0x000001d40b84b218 method=java.lang.ClassLoader.checkCerts(Ljava/lang/String;Ljava/security/CodeSource;)V @ 29 c2
Event: 24.480 Thread 0x000001d41a819800 DEOPT PACKING pc=0x000001d40b84b218 sp=0x000000d3aeaf7720
Event: 24.480 Thread 0x000001d41a819800 DEOPT UNPACKING pc=0x000001d403a4662f sp=0x000000d3aeaf7678 mode 2
Event: 24.494 Thread 0x000001d41a819800 Uncommon trap: trap_request=0xffffff4d fr.pc=0x000001d40b7ad670 relative=0x0000000000000bb0
Event: 24.494 Thread 0x000001d41a819800 Uncommon trap: reason=unstable_if action=reinterpret pc=0x000001d40b7ad670 method=java.lang.ClassLoader.loadClass(Ljava/lang/String;Z)Ljava/lang/Class; @ 29 c2
Event: 24.494 Thread 0x000001d41a819800 DEOPT PACKING pc=0x000001d40b7ad670 sp=0x000000d3aeaf7100
Event: 24.494 Thread 0x000001d41a819800 DEOPT UNPACKING pc=0x000001d403a4662f sp=0x000000d3aeaf70c8 mode 2
Event: 24.522 Thread 0x000001d41a819800 Uncommon trap: trap_request=0xffffff4d fr.pc=0x000001d40b8998bc relative=0x000000000000089c
Event: 24.522 Thread 0x000001d41a819800 Uncommon trap: reason=unstable_if action=reinterpret pc=0x000001d40b8998bc method=com.sun.beans.introspect.MethodInfo$MethodOrder.compare(Ljava/lang/reflect/Method;Ljava/lang/reflect/Method;)I @ 124 c2
Event: 24.522 Thread 0x000001d41a819800 DEOPT PACKING pc=0x000001d40b8998bc sp=0x000000d3aeaf70f0
Event: 24.522 Thread 0x000001d41a819800 DEOPT UNPACKING pc=0x000001d403a4662f sp=0x000000d3aeaf7038 mode 2
Event: 24.747 Thread 0x000001d41a819800 Uncommon trap: trap_request=0xffffff4d fr.pc=0x000001d40b662700 relative=0x0000000000000340
Event: 24.747 Thread 0x000001d41a819800 Uncommon trap: reason=unstable_if action=reinterpret pc=0x000001d40b662700 method=java.util.StringJoiner.add(Ljava/lang/CharSequence;)Ljava/util/StringJoiner; @ 33 c2
Event: 24.747 Thread 0x000001d41a819800 DEOPT PACKING pc=0x000001d40b662700 sp=0x000000d3aeaf5ca0
Event: 24.747 Thread 0x000001d41a819800 DEOPT UNPACKING pc=0x000001d403a4662f sp=0x000000d3aeaf5c50 mode 2

Classes redefined (0 events):
No events

Internal exceptions (20 events):
Event: 24.766 Thread 0x000001d41a819800 Exception <a 'java/lang/ClassNotFoundException'{0x00000000871ab128}: com/android/build/gradle/internal/dsl/BaseAppModuleExtensionCustomizer> (0x00000000871ab128) thrown at [./src/hotspot/share/classfile/systemDictionary.cpp, line 231]
Event: 24.802 Thread 0x000001d41a819800 Exception <a 'java/lang/ClassNotFoundException'{0x0000000087094a28}: com/android/build/gradle/internal/dsl/BaseAppModuleExtension_DecoratedCustomizer> (0x0000000087094a28) thrown at [./src/hotspot/share/classfile/systemDictionary.cpp, line 231]
Event: 24.943 Thread 0x000001d41a819800 Exception <a 'java/lang/ClassNotFoundException'{0x0000000086d04fe8}: org/gradle/api/internal/DefaultDomainObjectSet_DecoratedBeanInfo> (0x0000000086d04fe8) thrown at [./src/hotspot/share/classfile/systemDictionary.cpp, line 231]
Event: 24.945 Thread 0x000001d41a819800 Exception <a 'java/lang/ClassNotFoundException'{0x0000000086d37698}: org/gradle/api/internal/DefaultDomainObjectSet_DecoratedCustomizer> (0x0000000086d37698) thrown at [./src/hotspot/share/classfile/systemDictionary.cpp, line 231]
Event: 25.009 Thread 0x000001d41a819800 Exception <a 'java/lang/ClassNotFoundException'{0x0000000086c37b40}: build_csiuzoe9mx6p7oik7ih8udek0BeanInfo> (0x0000000086c37b40) thrown at [./src/hotspot/share/classfile/systemDictionary.cpp, line 231]
Event: 25.011 Thread 0x000001d41a819800 Exception <a 'java/lang/ClassNotFoundException'{0x0000000086c42a98}: build_csiuzoe9mx6p7oik7ih8udek0Customizer> (0x0000000086c42a98) thrown at [./src/hotspot/share/classfile/systemDictionary.cpp, line 231]
Event: 25.199 Thread 0x000001d41a819800 Exception <a 'java/lang/ClassNotFoundException'{0x0000000085601188}: com/android/build/gradle/internal/dsl/DefaultConfig$AgpDecorated_DecoratedBeanInfo> (0x0000000085601188) thrown at [./src/hotspot/share/classfile/systemDictionary.cpp, line 231]
Event: 25.199 Thread 0x000001d41a819800 Exception <a 'java/lang/ClassNotFoundException'{0x000000008561c910}: com/android/build/gradle/internal/dsl/DefaultConfig$AgpDecoratedBeanInfo> (0x000000008561c910) thrown at [./src/hotspot/share/classfile/systemDictionary.cpp, line 231]
Event: 25.200 Thread 0x000001d41a819800 Exception <a 'java/lang/ClassNotFoundException'{0x0000000085637120}: com/android/build/gradle/internal/dsl/DefaultConfigBeanInfo> (0x0000000085637120) thrown at [./src/hotspot/share/classfile/systemDictionary.cpp, line 231]
Event: 25.201 Thread 0x000001d41a819800 Exception <a 'java/lang/ClassNotFoundException'{0x0000000085650f80}: com/android/build/gradle/internal/dsl/BaseFlavorBeanInfo> (0x0000000085650f80) thrown at [./src/hotspot/share/classfile/systemDictionary.cpp, line 231]
Event: 25.203 Thread 0x000001d41a819800 Exception <a 'java/lang/ClassNotFoundException'{0x000000008566ac08}: com/android/builder/core/AbstractProductFlavorBeanInfo> (0x000000008566ac08) thrown at [./src/hotspot/share/classfile/systemDictionary.cpp, line 231]
Event: 25.204 Thread 0x000001d41a819800 Exception <a 'java/lang/ClassNotFoundException'{0x0000000085684c10}: com/android/builder/internal/BaseConfigImplBeanInfo> (0x0000000085684c10) thrown at [./src/hotspot/share/classfile/systemDictionary.cpp, line 231]
Event: 25.205 Thread 0x000001d41a819800 Exception <a 'java/lang/ClassNotFoundException'{0x000000008569ea10}: com/android/builder/internal/BaseConfigImplCustomizer> (0x000000008569ea10) thrown at [./src/hotspot/share/classfile/systemDictionary.cpp, line 231]
Event: 25.208 Thread 0x000001d41a819800 Exception <a 'java/lang/ClassNotFoundException'{0x00000000856d7230}: com/android/builder/core/AbstractProductFlavorCustomizer> (0x00000000856d7230) thrown at [./src/hotspot/share/classfile/systemDictionary.cpp, line 231]
Event: 25.211 Thread 0x000001d41a819800 Exception <a 'java/lang/ClassNotFoundException'{0x000000008552c408}: com/android/build/gradle/internal/dsl/BaseFlavorCustomizer> (0x000000008552c408) thrown at [./src/hotspot/share/classfile/systemDictionary.cpp, line 231]
Event: 25.215 Thread 0x000001d41a819800 Exception <a 'java/lang/ClassNotFoundException'{0x00000000855a5a00}: com/android/build/gradle/internal/dsl/DefaultConfigCustomizer> (0x00000000855a5a00) thrown at [./src/hotspot/share/classfile/systemDictionary.cpp, line 231]
Event: 25.221 Thread 0x000001d41a819800 Exception <a 'java/lang/ClassNotFoundException'{0x00000000855d96b0}: com/android/build/gradle/internal/dsl/DefaultConfig$AgpDecoratedCustomizer> (0x00000000855d96b0) thrown at [./src/hotspot/share/classfile/systemDictionary.cpp, line 231]
Event: 25.225 Thread 0x000001d41a819800 Exception <a 'java/lang/ClassNotFoundException'{0x00000000854361e0}: com/android/build/gradle/internal/dsl/DefaultConfig$AgpDecorated_DecoratedCustomizer> (0x00000000854361e0) thrown at [./src/hotspot/share/classfile/systemDictionary.cpp, line 231]
Event: 25.265 Thread 0x000001d41a819800 Exception <a 'java/lang/ClassNotFoundException'{0x00000000853888a8}: org/gradle/api/internal/NamedDomainObjectContainerConfigureDelegateBeanInfo> (0x00000000853888a8) thrown at [./src/hotspot/share/classfile/systemDictionary.cpp, line 231]
Event: 25.266 Thread 0x000001d41a819800 Exception <a 'java/lang/ClassNotFoundException'{0x00000000853c0bd0}: org/gradle/api/internal/NamedDomainObjectContainerConfigureDelegateCustomizer> (0x00000000853c0bd0) thrown at [./src/hotspot/share/classfile/systemDictionary.cpp, line 231]

Events (20 events):
Event: 25.263 loading class org/gradle/api/internal/NamedDomainObjectContainerConfigureDelegateBeanInfo done
Event: 25.264 loading class org/gradle/api/internal/NamedDomainObjectContainerConfigureDelegateBeanInfo
Event: 25.264 loading class org/gradle/api/internal/NamedDomainObjectContainerConfigureDelegateBeanInfo done
Event: 25.264 loading class org/gradle/api/internal/NamedDomainObjectContainerConfigureDelegateBeanInfo
Event: 25.264 loading class org/gradle/api/internal/NamedDomainObjectContainerConfigureDelegateBeanInfo done
Event: 25.265 loading class org/gradle/api/internal/NamedDomainObjectContainerConfigureDelegateBeanInfo
Event: 25.265 loading class org/gradle/api/internal/NamedDomainObjectContainerConfigureDelegateBeanInfo done
Event: 25.265 loading class org/gradle/api/internal/NamedDomainObjectContainerConfigureDelegateCustomizer
Event: 25.265 loading class org/gradle/api/internal/NamedDomainObjectContainerConfigureDelegateCustomizer done
Event: 25.265 loading class org/gradle/api/internal/NamedDomainObjectContainerConfigureDelegateCustomizer
Event: 25.265 loading class org/gradle/api/internal/NamedDomainObjectContainerConfigureDelegateCustomizer done
Event: 25.265 loading class org/gradle/api/internal/NamedDomainObjectContainerConfigureDelegateCustomizer
Event: 25.265 loading class org/gradle/api/internal/NamedDomainObjectContainerConfigureDelegateCustomizer done
Event: 25.266 loading class org/gradle/api/internal/NamedDomainObjectContainerConfigureDelegateCustomizer
Event: 25.266 loading class org/gradle/api/internal/NamedDomainObjectContainerConfigureDelegateCustomizer done
Event: 25.268 loading class groovy/runtime/metaclass/build_csiuzoe9mx6p7oik7ih8udek0$_run_closure1$_closure4$_closure7MetaClass
Event: 25.268 loading class groovy/runtime/metaclass/build_csiuzoe9mx6p7oik7ih8udek0$_run_closure1$_closure4$_closure7MetaClass done
Event: 25.269 loading class groovy/runtime/metaclass/org/gradle/api/internal/FactoryNamedDomainObjectContainer_DecoratedMetaClass
Event: 25.269 loading class groovy/runtime/metaclass/org/gradle/api/internal/FactoryNamedDomainObjectContainer_DecoratedMetaClass done
Event: 25.274 Executing VM operation: G1CollectForAllocation


Dynamic libraries:
0x00007ff7890e0000 - 0x00007ff7890ea000 	C:\Program Files\Android\Android Studio\jre\bin\java.exe
0x00007fff9ac10000 - 0x00007fff9ae05000 	C:\WINDOWS\SYSTEM32\ntdll.dll
0x00007fff88840000 - 0x00007fff88856000 	C:\Program Files\AVAST Software\Avast\aswhook.dll
0x00007fff9a500000 - 0x00007fff9a5bd000 	C:\WINDOWS\System32\KERNEL32.DLL
0x00007fff988d0000 - 0x00007fff98b9d000 	C:\WINDOWS\System32\KERNELBASE.dll
0x00007fff98560000 - 0x00007fff98660000 	C:\WINDOWS\System32\ucrtbase.dll
0x00007fff90420000 - 0x00007fff90437000 	C:\Program Files\Android\Android Studio\jre\bin\VCRUNTIME140.dll
0x00007fff903c0000 - 0x00007fff903d9000 	C:\Program Files\Android\Android Studio\jre\bin\jli.dll
0x00007fff9a710000 - 0x00007fff9a8b0000 	C:\WINDOWS\System32\USER32.dll
0x00007fff98430000 - 0x00007fff98452000 	C:\WINDOWS\System32\win32u.dll
0x00007fff994a0000 - 0x00007fff994ca000 	C:\WINDOWS\System32\GDI32.dll
0x00007fff79480000 - 0x00007fff7971a000 	C:\WINDOWS\WinSxS\amd64_microsoft.windows.common-controls_6595b64144ccf1df_6.0.19041.1110_none_60b5254171f9507e\COMCTL32.dll
0x00007fff98320000 - 0x00007fff9842b000 	C:\WINDOWS\System32\gdi32full.dll
0x00007fff992d0000 - 0x00007fff9936e000 	C:\WINDOWS\System32\msvcrt.dll
0x00007fff98660000 - 0x00007fff986fd000 	C:\WINDOWS\System32\msvcp_win.dll
0x00007fff98d90000 - 0x00007fff98dc0000 	C:\WINDOWS\System32\IMM32.DLL
0x00007fff80060000 - 0x00007fff800fd000 	C:\Program Files\Android\Android Studio\jre\bin\msvcp140.dll
0x00007fff363c0000 - 0x00007fff36e95000 	C:\Program Files\Android\Android Studio\jre\bin\server\jvm.dll
0x00007fff9a9a0000 - 0x00007fff9aa4e000 	C:\WINDOWS\System32\ADVAPI32.dll
0x00007fff9ab30000 - 0x00007fff9abcc000 	C:\WINDOWS\System32\sechost.dll
0x00007fff98c60000 - 0x00007fff98d85000 	C:\WINDOWS\System32\RPCRT4.dll
0x00007fff9a070000 - 0x00007fff9a078000 	C:\WINDOWS\System32\PSAPI.DLL
0x00007fff8c010000 - 0x00007fff8c019000 	C:\WINDOWS\SYSTEM32\WSOCK32.dll
0x00007fff92210000 - 0x00007fff92237000 	C:\WINDOWS\SYSTEM32\WINMM.dll
0x00007fff90890000 - 0x00007fff9089a000 	C:\WINDOWS\SYSTEM32\VERSION.dll
0x00007fff9a5c0000 - 0x00007fff9a62b000 	C:\WINDOWS\System32\WS2_32.dll
0x00007fff96ba0000 - 0x00007fff96bb2000 	C:\WINDOWS\SYSTEM32\kernel.appcore.dll
0x00007fff912a0000 - 0x00007fff912b1000 	C:\Program Files\Android\Android Studio\jre\bin\verify.dll
0x00007fff8fed0000 - 0x00007fff900b4000 	C:\WINDOWS\SYSTEM32\DBGHELP.DLL
0x00007fff8fba0000 - 0x00007fff8fbcc000 	C:\WINDOWS\SYSTEM32\dbgcore.DLL
0x00007fff98ba0000 - 0x00007fff98c22000 	C:\WINDOWS\System32\bcryptPrimitives.dll
0x00007fff8b560000 - 0x00007fff8b589000 	C:\Program Files\Android\Android Studio\jre\bin\java.dll
0x00007fff91530000 - 0x00007fff9153b000 	C:\Program Files\Android\Android Studio\jre\bin\jimage.dll
0x00007fff906f0000 - 0x00007fff90708000 	C:\Program Files\Android\Android Studio\jre\bin\zip.dll
0x00007fff99920000 - 0x00007fff9a064000 	C:\WINDOWS\System32\SHELL32.dll
0x00007fff96010000 - 0x00007fff967a4000 	C:\WINDOWS\SYSTEM32\windows.storage.dll
0x00007fff9a1a0000 - 0x00007fff9a4f4000 	C:\WINDOWS\System32\combase.dll
0x00007fff97d80000 - 0x00007fff97dac000 	C:\WINDOWS\SYSTEM32\Wldp.dll
0x00007fff99870000 - 0x00007fff9991d000 	C:\WINDOWS\System32\SHCORE.dll
0x00007fff9a630000 - 0x00007fff9a685000 	C:\WINDOWS\System32\shlwapi.dll
0x00007fff98260000 - 0x00007fff9827f000 	C:\WINDOWS\SYSTEM32\profapi.dll
0x00007fff90570000 - 0x00007fff9058a000 	C:\Program Files\Android\Android Studio\jre\bin\net.dll
0x00007fff8c8a0000 - 0x00007fff8c9aa000 	C:\WINDOWS\SYSTEM32\WINHTTP.dll
0x00007fff97ae0000 - 0x00007fff97b4a000 	C:\WINDOWS\system32\mswsock.dll
0x00007fff8ea10000 - 0x00007fff8ea24000 	C:\Program Files\Android\Android Studio\jre\bin\nio.dll
0x00007fff7e1e0000 - 0x00007fff7e207000 	C:\Users\Zabdy\.gradle\native\e1d6ef7f7dcc3fd88c89a11ec53ec762bb8ba0a96d01ffa2cd45eb1d1d8dd5c5\windows-amd64\native-platform.dll
0x00007fff6cfe0000 - 0x00007fff6d124000 	C:\Users\Zabdy\.gradle\native\5664cfc778a61ccfe75a443a1ab52a65af34e5dc3c78e0209fed803814484fcb\windows-amd64\native-platform-file-events.dll
0x00007fff91230000 - 0x00007fff9123a000 	C:\Program Files\Android\Android Studio\jre\bin\management.dll
0x00007fff90550000 - 0x00007fff9055d000 	C:\Program Files\Android\Android Studio\jre\bin\management_ext.dll
0x00007fff97cd0000 - 0x00007fff97ce8000 	C:\WINDOWS\SYSTEM32\CRYPTSP.dll
0x00007fff973f0000 - 0x00007fff97424000 	C:\WINDOWS\system32\rsaenh.dll
0x00007fff98c30000 - 0x00007fff98c57000 	C:\WINDOWS\System32\bcrypt.dll
0x00007fff981e0000 - 0x00007fff9820e000 	C:\WINDOWS\SYSTEM32\USERENV.dll
0x00007fff97cf0000 - 0x00007fff97cfc000 	C:\WINDOWS\SYSTEM32\CRYPTBASE.dll
0x00007fff97780000 - 0x00007fff977bb000 	C:\WINDOWS\SYSTEM32\IPHLPAPI.DLL
0x00007fff99860000 - 0x00007fff99868000 	C:\WINDOWS\System32\NSI.dll
0x00007fff8f8e0000 - 0x00007fff8f8f7000 	C:\WINDOWS\SYSTEM32\dhcpcsvc6.DLL
0x00007fff91870000 - 0x00007fff9188d000 	C:\WINDOWS\SYSTEM32\dhcpcsvc.DLL
0x00007fff977c0000 - 0x00007fff9788b000 	C:\WINDOWS\SYSTEM32\DNSAPI.dll

dbghelp: loaded successfully - version: 4.0.5 - missing functions: none
symbol engine: initialized successfully - sym options: 0x614 - pdb path: .;C:\Program Files\Android\Android Studio\jre\bin;C:\WINDOWS\SYSTEM32;C:\Program Files\AVAST Software\Avast;C:\WINDOWS\WinSxS\amd64_microsoft.windows.common-controls_6595b64144ccf1df_6.0.19041.1110_none_60b5254171f9507e;C:\Program Files\Android\Android Studio\jre\bin\server;C:\Users\Zabdy\.gradle\native\e1d6ef7f7dcc3fd88c89a11ec53ec762bb8ba0a96d01ffa2cd45eb1d1d8dd5c5\windows-amd64;C:\Users\Zabdy\.gradle\native\5664cfc778a61ccfe75a443a1ab52a65af34e5dc3c78e0209fed803814484fcb\windows-amd64

VM Arguments:
jvm_args: --add-opens=java.base/java.util=ALL-UNNAMED --add-opens=java.base/java.lang=ALL-UNNAMED --add-opens=java.base/java.lang.invoke=ALL-UNNAMED --add-opens=java.base/java.util=ALL-UNNAMED --add-opens=java.prefs/java.util.prefs=ALL-UNNAMED --add-opens=java.prefs/java.util.prefs=ALL-UNNAMED --add-opens=java.base/java.nio.charset=ALL-UNNAMED --add-opens=java.base/java.net=ALL-UNNAMED --add-opens=java.base/java.util.concurrent.atomic=ALL-UNNAMED -Xmx2048m -Dfile.encoding=UTF-8 -Duser.country=MX -Duser.language=es -Duser.variant 
java_command: org.gradle.launcher.daemon.bootstrap.GradleDaemon 7.2
java_class_path (initial): C:\Users\Zabdy\.gradle\wrapper\dists\gradle-7.2-bin\2dnblmf4td7x66yl1d74lt32g\gradle-7.2\lib\gradle-launcher-7.2.jar
Launcher Type: SUN_STANDARD

[Global flags]
     intx CICompilerCount                          = 3                                         {product} {ergonomic}
     uint ConcGCThreads                            = 1                                         {product} {ergonomic}
     uint G1ConcRefinementThreads                  = 4                                         {product} {ergonomic}
   size_t G1HeapRegionSize                         = 1048576                                   {product} {ergonomic}
    uintx GCDrainStackTargetSize                   = 64                                        {product} {ergonomic}
   size_t InitialHeapSize                          = 197132288                                 {product} {ergonomic}
   size_t MarkStackSize                            = 4194304                                   {product} {ergonomic}
   size_t MaxHeapSize                              = 2147483648                                {product} {command line}
   size_t MaxNewSize                               = 1287651328                                {product} {ergonomic}
   size_t MinHeapDeltaBytes                        = 1048576                                   {product} {ergonomic}
    uintx NonNMethodCodeHeapSize                   = 5830732                                {pd product} {ergonomic}
    uintx NonProfiledCodeHeapSize                  = 122913754                              {pd product} {ergonomic}
    uintx ProfiledCodeHeapSize                     = 122913754                              {pd product} {ergonomic}
    uintx ReservedCodeCacheSize                    = 251658240                              {pd product} {ergonomic}
     bool SegmentedCodeCache                       = true                                      {product} {ergonomic}
     bool UseCompressedClassPointers               = true                                 {lp64_product} {ergonomic}
     bool UseCompressedOops                        = true                                 {lp64_product} {ergonomic}
     bool UseG1GC                                  = true                                      {product} {ergonomic}
     bool UseLargePagesIndividualAllocation        = false                                  {pd product} {ergonomic}

Logging:
Log output configuration:
 #0: stdout all=warning uptime,level,tags
 #1: stderr all=off uptime,level,tags

Environment Variables:
PATH=C:\Program Files\Common Files\Oracle\Java\javapath;C:\Program Files (x86)\Common Files\Oracle\Java\javapath;C:\WINDOWS\system32;C:\WINDOWS;C:\WINDOWS\System32\Wbem;C:\WINDOWS\System32\WindowsPowerShell\v1.0\;C:\WINDOWS\System32\OpenSSH\;C:\Program Files\Git\cmd;C:\xampp\php;C:\ProgramData\ComposerSetup\bin;C:\Program Files\Microsoft SQL Server\130\Tools\Binn\;C:\Users\Zabdy\AppData\Local\Microsoft\WindowsApps;C:\Users\Zabdy\AppData\Roaming\Composer\vendor\bin
USERNAME=Zabdy
OS=Windows_NT
PROCESSOR_IDENTIFIER=Intel64 Family 6 Model 61 Stepping 4, GenuineIntel



---------------  S Y S T E M  ---------------

OS: Windows 10 , 64 bit Build 19041 (10.0.19041.1706)
OS uptime: 10 days 12:38 hours

CPU:total 4 (initial active 4) (2 cores per cpu, 2 threads per core) family 6 model 61 stepping 4 microcode 0x2d, cmov, cx8, fxsr, mmx, sse, sse2, sse3, ssse3, sse4.1, sse4.2, popcnt, avx, avx2, aes, clmul, erms, rtm, 3dnowpref, lzcnt, ht, tsc, tscinvbit, bmi1, bmi2, adx, fma

Memory: 4k page, system-wide physical 11984M (228M free)
TotalPageFile size 26148M (AvailPageFile size 0M)
current process WorkingSet (physical memory assigned to process): 361M, peak: 361M
current process commit charge ("private bytes"): 411M, peak: 449M

vm_info: OpenJDK 64-Bit Server VM (11.0.11+9-b60-7590822) for windows-amd64 JRE (11.0.11+9-b60-7590822), built on Jul 29 2021 21:43:44 by "builder" with MS VC++ 14.0 (VS2015)

END.
